<?xml version="1.0" encoding="UTF-8"?>
<!-- Generated by org.testng.reporters.JUnitReportReporter -->
<testsuite hostname="NARENDIRAGANESH" failures="0" tests="11" name="com.omrbranch.day10.Day10_U1001" time="11.497" errors="0" timestamp="2025-05-19T17:29:23 IST" skipped="0">
  <testcase classname="com.omrbranch.day10.Day10_U1001" name="postmanBasicAuthLogin" time="2.734"/>
  <system-out/>
  <testcase classname="com.omrbranch.day10.Day10_U1001" name="stateList" time="0.354"/>
  <system-out/>
  <testcase classname="com.omrbranch.day10.Day10_U1001" name="cityList" time="0.492"/>
  <system-out/>
  <testcase classname="com.omrbranch.day10.Day10_U1001" name="categoryList" time="0.388"/>
  <system-out/>
  <testcase classname="com.omrbranch.day10.Day10_U1001" name="productList" time="0.803"/>
  <system-out/>
  <testcase classname="com.omrbranch.day10.Day10_U1001" name="addToCart" time="0.443"/>
  <system-out/>
  <testcase classname="com.omrbranch.day10.Day10_U1001" name="getCartItems" time="0.415"/>
  <system-out/>
  <testcase classname="com.omrbranch.day10.Day10_U1001" name="addUserAddress" time="0.492"/>
  <system-out/>
  <testcase classname="com.omrbranch.day10.Day10_U1001" name="setAddress" time="0.373"/>
  <system-out/>
  <testcase classname="com.omrbranch.day10.Day10_U1001" name="createOrder" time="4.552"/>
  <system-out/>
  <testcase classname="com.omrbranch.day10.Day10_U1001" name="logout" time="0.451"/>
  <system-out/>
</testsuite> <!-- com.omrbranch.day10.Day10_U1001 -->
