<?xml version="1.0" encoding="UTF-8"?>
<!-- Generated by org.testng.reporters.JUnitReportReporter -->
<testsuite hostname="NARENDIRAGANESH" failures="0" tests="17" name="omrbranch.day11.Day11_U1102" time="11.582" errors="0" timestamp="2025-05-21T08:29:16 IST" skipped="0">
  <testcase classname="omrbranch.day11.Day11_U1102" name="postmanBasicAuthLogin" time="2.617"/>
  <system-out/>
  <testcase classname="omrbranch.day11.Day11_U1102" name="stateList" time="0.375"/>
  <system-out/>
  <testcase classname="omrbranch.day11.Day11_U1102" name="cityList" time="0.478"/>
  <system-out/>
  <testcase classname="omrbranch.day11.Day11_U1102" name="searchProduct" time="0.336"/>
  <system-out/>
  <testcase classname="omrbranch.day11.Day11_U1102" name="getSearchResult" time="0.376"/>
  <system-out/>
  <testcase classname="omrbranch.day11.Day11_U1102" name="addToCart" time="0.359"/>
  <system-out/>
  <testcase classname="omrbranch.day11.Day11_U1102" name="getCartItems" time="0.353"/>
  <system-out/>
  <testcase classname="omrbranch.day11.Day11_U1102" name="addUserAddress" time="0.347"/>
  <system-out/>
  <testcase classname="omrbranch.day11.Day11_U1102" name="setAddress" time="0.341"/>
  <system-out/>
  <testcase classname="omrbranch.day11.Day11_U1102" name="createOrder" time="3.490"/>
  <system-out/>
  <testcase classname="omrbranch.day11.Day11_U1102" name="getAllOrders" time="0.390"/>
  <system-out/>
  <testcase classname="omrbranch.day11.Day11_U1102" name="getOrderDetails" time="0.358"/>
  <system-out/>
  <testcase classname="omrbranch.day11.Day11_U1102" name="getOrderStatus" time="0.330"/>
  <system-out/>
  <testcase classname="omrbranch.day11.Day11_U1102" name="getOrderItemStatus" time="0.329"/>
  <system-out/>
  <testcase classname="omrbranch.day11.Day11_U1102" name="trackOrder" time="0.008"/>
  <system-out/>
  <testcase classname="omrbranch.day11.Day11_U1102" name="cancelOrder" time="0.724"/>
  <system-out/>
  <testcase classname="omrbranch.day11.Day11_U1102" name="logout" time="0.371"/>
  <system-out/>
</testsuite> <!-- omrbranch.day11.Day11_U1102 -->
