<?xml version="1.0" encoding="UTF-8"?>
<!-- Generated by org.testng.reporters.JUnitReportReporter -->
<testsuite hostname="NARENDIRAGANESH" failures="0" tests="3" name="com.omrbranch.day12.Day12_U1201" time="3.766" errors="0" timestamp="2025-05-21T16:44:02 IST" skipped="0">
  <testcase classname="com.omrbranch.day12.Day12_U1201" name="postmanBasicAuthLogin" time="2.772"/>
  <system-out/>
  <testcase classname="com.omrbranch.day12.Day12_U1201" name="changeProfilePic" time="0.602"/>
  <system-out/>
  <testcase classname="com.omrbranch.day12.Day12_U1201" name="logout" time="0.392"/>
  <system-out/>
</testsuite> <!-- com.omrbranch.day12.Day12_U1201 -->
