<?xml version="1.0" encoding="UTF-8"?>
<!-- Generated by org.testng.reporters.JUnitReportReporter -->
<testsuite hostname="NARENDIRAGANESH" failures="0" tests="7" name="com.omrbranch.day6.Day6_U0602" time="6.076" errors="0" timestamp="2025-05-15T17:04:22 IST" skipped="0">
  <testcase classname="com.omrbranch.day6.Day6_U0602" name="postmanBasicAuthLogin" time="2.549"/>
  <system-out/>
  <testcase classname="com.omrbranch.day6.Day6_U0602" name="stateList" time="0.406"/>
  <system-out/>
  <testcase classname="com.omrbranch.day6.Day6_U0602" name="cityList" time="0.725"/>
  <system-out/>
  <testcase classname="com.omrbranch.day6.Day6_U0602" name="addUserAddress" time="0.536"/>
  <system-out/>
  <testcase classname="com.omrbranch.day6.Day6_U0602" name="updateUserAddress" time="0.473"/>
  <system-out/>
  <testcase classname="com.omrbranch.day6.Day6_U0602" name="getUserAddress" time="0.642"/>
  <system-out/>
  <testcase classname="com.omrbranch.day6.Day6_U0602" name="deleteAddress" time="0.745"/>
  <system-out/>
</testsuite> <!-- com.omrbranch.day6.Day6_U0602 -->
