<?xml version="1.0" encoding="UTF-8"?>
<!-- Generated by org.testng.reporters.JUnitReportReporter -->
<testsuite hostname="NARENDIRAGANESH" failures="0" tests="17" name="omrbranch.day11.Day11_U1101" time="11.564" errors="0" timestamp="2025-05-20T18:46:01 IST" skipped="0">
  <testcase classname="omrbranch.day11.Day11_U1101" name="postmanBasicAuthLogin" time="2.463"/>
  <system-out/>
  <testcase classname="omrbranch.day11.Day11_U1101" name="stateList" time="0.388"/>
  <system-out/>
  <testcase classname="omrbranch.day11.Day11_U1101" name="cityList" time="0.548"/>
  <system-out/>
  <testcase classname="omrbranch.day11.Day11_U1101" name="categoryList" time="0.330"/>
  <system-out/>
  <testcase classname="omrbranch.day11.Day11_U1101" name="productList" time="0.912"/>
  <system-out/>
  <testcase classname="omrbranch.day11.Day11_U1101" name="addToCart" time="0.415"/>
  <system-out/>
  <testcase classname="omrbranch.day11.Day11_U1101" name="getCartItems" time="0.360"/>
  <system-out/>
  <testcase classname="omrbranch.day11.Day11_U1101" name="addUserAddress" time="0.345"/>
  <system-out/>
  <testcase classname="omrbranch.day11.Day11_U1101" name="setAddress" time="0.339"/>
  <system-out/>
  <testcase classname="omrbranch.day11.Day11_U1101" name="createOrder" time="2.858"/>
  <system-out/>
  <testcase classname="omrbranch.day11.Day11_U1101" name="getAllOrders" time="0.372"/>
  <system-out/>
  <testcase classname="omrbranch.day11.Day11_U1101" name="getOrderDetails" time="0.362"/>
  <system-out/>
  <testcase classname="omrbranch.day11.Day11_U1101" name="getOrderStatus" time="0.312"/>
  <system-out/>
  <testcase classname="omrbranch.day11.Day11_U1101" name="getOrderItemStatus" time="0.382"/>
  <system-out/>
  <testcase classname="omrbranch.day11.Day11_U1101" name="trackOrder" time="0.012"/>
  <system-out/>
  <testcase classname="omrbranch.day11.Day11_U1101" name="cancelOrder" time="0.767"/>
  <system-out/>
  <testcase classname="omrbranch.day11.Day11_U1101" name="logout" time="0.399"/>
  <system-out/>
</testsuite> <!-- omrbranch.day11.Day11_U1101 -->
