<?xml version="1.0" encoding="UTF-8"?>
<!-- Generated by org.testng.reporters.JUnitReportReporter -->
<testsuite hostname="NARENDIRAGANESH" failures="0" tests="1" name="com.omrbranch.day6.Day6_U0601" time="2.719" errors="0" timestamp="2025-05-13T18:46:45 IST" skipped="0">
  <testcase classname="com.omrbranch.day6.Day6_U0601" name="getFlight" time="2.719"/>
  <system-out/>
</testsuite> <!-- com.omrbranch.day6.Day6_U0601 -->
