<?xml version="1.0" encoding="UTF-8"?>
<!-- Generated by org.testng.reporters.JUnitReportReporter -->
<testsuite hostname="NARENDIRAGANESH" failures="0" tests="10" name="com.omrbranch.day12.Day12_U1202" time="9.287" errors="0" timestamp="2025-05-21T20:22:02 IST" skipped="0">
  <testcase classname="com.omrbranch.day12.Day12_U1202" name="postmanBasicAuthLogin" time="2.678"/>
  <system-out/>
  <testcase classname="com.omrbranch.day12.Day12_U1202" name="categoryList" time="0.333"/>
  <system-out/>
  <testcase classname="com.omrbranch.day12.Day12_U1202" name="productList" time="0.857"/>
  <system-out/>
  <testcase classname="com.omrbranch.day12.Day12_U1202" name="manageUserFavourite" time="0.412"/>
  <system-out/>
  <testcase classname="com.omrbranch.day12.Day12_U1202" name="manageUserFavourite" time="0.398"/>
  <system-out/>
  <testcase classname="com.omrbranch.day12.Day12_U1202" name="clearCart" time="1.655"/>
  <system-out/>
  <testcase classname="com.omrbranch.day12.Day12_U1202" name="addToCart" time="0.473"/>
  <system-out/>
  <testcase classname="com.omrbranch.day12.Day12_U1202" name="getCartItems" time="1.621"/>
  <system-out/>
  <testcase classname="com.omrbranch.day12.Day12_U1202" name="deleteCartItems" time="0.430"/>
  <system-out/>
  <testcase classname="com.omrbranch.day12.Day12_U1202" name="logout" time="0.430"/>
  <system-out/>
</testsuite> <!-- com.omrbranch.day12.Day12_U1202 -->
