<?xml version="1.0" encoding="UTF-8"?>
<!-- Generated by org.testng.reporters.JUnitReportReporter -->
<testsuite hostname="NARENDIRAGANESH" failures="0" tests="15" name="com.omrbranch.integrationtesting.GroceryPlaceOrder" time="204.267" errors="0" timestamp="2025-05-22T15:39:59 IST" skipped="1">
  <testcase classname="com.omrbranch.integrationtesting.GroceryPlaceOrder" name="login" time="3.714"/>
  <system-out/>
  <testcase classname="com.omrbranch.integrationtesting.GroceryPlaceOrder" name="searchProduct" time="1.225"/>
  <system-out/>
  <testcase classname="com.omrbranch.integrationtesting.GroceryPlaceOrder" name="selectProduct" time="2.738"/>
  <system-out/>
  <testcase classname="com.omrbranch.integrationtesting.GroceryPlaceOrder" name="myCart" time="190.822"/>
  <system-out/>
  <testcase classname="com.omrbranch.integrationtesting.GroceryPlaceOrder" name="logOutUI" time="0.204"/>
  <system-out/>
  <testcase classname="com.omrbranch.integrationtesting.GroceryPlaceOrder" name="postmanBasicAuthLogin" time="2.259"/>
  <system-out/>
  <testcase classname="com.omrbranch.integrationtesting.GroceryPlaceOrder" name="getAllOrders" time="0.449"/>
  <system-out/>
  <testcase classname="com.omrbranch.integrationtesting.GroceryPlaceOrder" name="getOrderDetails" time="0.398"/>
  <system-out/>
  <testcase classname="com.omrbranch.integrationtesting.GroceryPlaceOrder" name="getOrderStatus" time="0.478"/>
  <system-out/>
  <testcase classname="com.omrbranch.integrationtesting.GroceryPlaceOrder" name="getOrderItemStatus" time="0.384"/>
  <system-out/>
  <testcase classname="com.omrbranch.integrationtesting.GroceryPlaceOrder" name="trackOrder" time="0.010"/>
  <system-out/>
  <testcase classname="com.omrbranch.integrationtesting.GroceryPlaceOrder" name="cancelOrder" time="0.790"/>
  <system-out/>
  <testcase classname="com.omrbranch.integrationtesting.GroceryPlaceOrder" name="clearCart" time="0.330"/>
  <system-out/>
  <testcase classname="com.omrbranch.integrationtesting.GroceryPlaceOrder" name="logout" time="0.466"/>
  <system-out/>
  <testcase classname="com.omrbranch.integrationtesting.GroceryPlaceOrder" name="getOrderId">
    <skipped/>
  </testcase> <!-- getOrderId -->
  <system-out/>
</testsuite> <!-- com.omrbranch.integrationtesting.GroceryPlaceOrder -->
