<?xml version="1.0" encoding="UTF-8"?>
<!-- Generated by org.testng.reporters.JUnitReportReporter -->
<testsuite hostname="NARENDIRAGANESH" failures="0" tests="11" name="com.omrbranch.day6.Day8_U0801" time="11.284" errors="0" timestamp="2025-05-19T18:19:47 IST" skipped="0">
  <testcase classname="com.omrbranch.day6.Day8_U0801" name="postmanBasicAuthLogin" time="3.262"/>
  <system-out/>
  <testcase classname="com.omrbranch.day6.Day8_U0801" name="stateList" time="0.360"/>
  <system-out/>
  <testcase classname="com.omrbranch.day6.Day8_U0801" name="cityList" time="0.542"/>
  <system-out/>
  <testcase classname="com.omrbranch.day6.Day8_U0801" name="searchProduct" time="0.322"/>
  <system-out/>
  <testcase classname="com.omrbranch.day6.Day8_U0801" name="getSearchResult" time="0.425"/>
  <system-out/>
  <testcase classname="com.omrbranch.day6.Day8_U0801" name="addToCart" time="0.386"/>
  <system-out/>
  <testcase classname="com.omrbranch.day6.Day8_U0801" name="getCartItems" time="0.377"/>
  <system-out/>
  <testcase classname="com.omrbranch.day6.Day8_U0801" name="addUserAddress" time="0.402"/>
  <system-out/>
  <testcase classname="com.omrbranch.day6.Day8_U0801" name="setAddress" time="1.176"/>
  <system-out/>
  <testcase classname="com.omrbranch.day6.Day8_U0801" name="createOrder" time="3.625"/>
  <system-out/>
  <testcase classname="com.omrbranch.day6.Day8_U0801" name="logout" time="0.407"/>
  <system-out/>
</testsuite> <!-- com.omrbranch.day6.Day8_U0801 -->
